<?xml version="1.0" encoding="UTF-8"?>
<!-- Generated by org.testng.reporters.JUnitXMLReporter -->
<testsuite hostname="DESKTOP-5Q0UQTD" ignored="0" name="Test3" tests="1" failures="1" timestamp="09 Nov 2021 05:07:20 GMT" time="22.072" errors="0">
  <testcase name="testCase1" time="22.009" classname="com.execution.Sample1">
    <failure type="org.openqa.selenium.WebDriverException" message="Timed out waiting for driver server to start.
Build info: version: &amp;apos;3.141.59&amp;apos;, revision: &amp;apos;e82be7d358&amp;apos;, time: &amp;apos;2018-11-14T08:17:03&amp;apos;
System info: host: &amp;apos;DESKTOP-5Q0UQTD&amp;apos;, ip: &amp;apos;192.168.1.10&amp;apos;, os.name: &amp;apos;Windows 10&amp;apos;, os.arch: &amp;apos;amd64&amp;apos;, os.version: &amp;apos;10.0&amp;apos;, java.version: &amp;apos;1.8.0_301&amp;apos;
Driver info: driver.version: InternetExplorerDriver">
      <![CDATA[org.openqa.selenium.WebDriverException: Timed out waiting for driver server to start.
Build info: version: '3.141.59', revision: 'e82be7d358', time: '2018-11-14T08:17:03'
System info: host: 'DESKTOP-5Q0UQTD', ip: '192.168.1.10', os.name: 'Windows 10', os.arch: 'amd64', os.version: '10.0', java.version: '1.8.0_301'
Driver info: driver.version: InternetExplorerDriver
at org.openqa.selenium.remote.service.DriverService.waitUntilAvailable(DriverService.java:202)
at org.openqa.selenium.remote.service.DriverService.start(DriverService.java:188)
at org.openqa.selenium.remote.service.DriverCommandExecutor.execute(DriverCommandExecutor.java:79)
at org.openqa.selenium.remote.RemoteWebDriver.execute(RemoteWebDriver.java:552)
at org.openqa.selenium.remote.RemoteWebDriver.startSession(RemoteWebDriver.java:213)
at org.openqa.selenium.ie.InternetExplorerDriver.run(InternetExplorerDriver.java:221)
at org.openqa.selenium.ie.InternetExplorerDriver.<init>(InternetExplorerDriver.java:213)
at org.openqa.selenium.ie.InternetExplorerDriver.<init>(InternetExplorerDriver.java:150)
at com.execution.Sample1.testCase1(Sample1.java:29)
at java.util.concurrent.FutureTask.run(Unknown Source)
at java.util.concurrent.ThreadPoolExecutor.runWorker(Unknown Source)
at java.util.concurrent.ThreadPoolExecutor$Worker.run(Unknown Source)
at java.lang.Thread.run(Unknown Source)
Caused by: org.openqa.selenium.net.UrlChecker$TimeoutException: Timed out waiting for [http://localhost:10754/status] to be available after 20002 ms
at org.openqa.selenium.net.UrlChecker.waitUntilAvailable(UrlChecker.java:100)
at org.openqa.selenium.remote.service.DriverService.waitUntilAvailable(DriverService.java:197)
... 28 more
Caused by: java.util.concurrent.TimeoutException
at java.util.concurrent.FutureTask.get(Unknown Source)
at com.google.common.util.concurrent.SimpleTimeLimiter.callWithTimeout(SimpleTimeLimiter.java:156)
at org.openqa.selenium.net.UrlChecker.waitUntilAvailable(UrlChecker.java:75)
... 29 more
... Removed 16 stack frames]]>
    </failure>
  </testcase> <!-- testCase1 -->
</testsuite> <!-- Test3 -->
