<?xml version="1.0" encoding="UTF-8"?>
<testng-results skipped="0" failed="0" ignored="0" total="2" passed="2">
  <reporter-output>
  </reporter-output>
  <suite name="Suite" duration-ms="11710" started-at="2021-11-09T05:11:00Z" finished-at="2021-11-09T05:11:12Z">
    <groups>
    </groups>
    <test name="Test1" duration-ms="9525" started-at="2021-11-09T05:11:00Z" finished-at="2021-11-09T05:11:09Z">
      <class name="com.execution.Sample1">
        <test-method status="PASS" signature="testCase1(java.lang.String)[pri:0, instance:com.execution.Sample1@146ba0ac]" name="testCase1" duration-ms="9482" started-at="2021-11-09T05:11:00Z" finished-at="2021-11-09T05:11:09Z">
          <params>
            <param index="0">
              <value>
                <![CDATA[Chrome]]>
              </value>
            </param>
          </params>
          <reporter-output>
          </reporter-output>
        </test-method> <!-- testCase1 -->
      </class> <!-- com.execution.Sample1 -->
    </test> <!-- Test1 -->
    <test name="Test2" duration-ms="11710" started-at="2021-11-09T05:11:00Z" finished-at="2021-11-09T05:11:12Z">
      <class name="com.execution.Sample1">
        <test-method status="PASS" signature="testCase1(java.lang.String)[pri:0, instance:com.execution.Sample1@cb644e]" name="testCase1" duration-ms="11671" started-at="2021-11-09T05:11:00Z" finished-at="2021-11-09T05:11:12Z">
          <params>
            <param index="0">
              <value>
                <![CDATA[Edge]]>
              </value>
            </param>
          </params>
          <reporter-output>
          </reporter-output>
        </test-method> <!-- testCase1 -->
      </class> <!-- com.execution.Sample1 -->
    </test> <!-- Test2 -->
  </suite> <!-- Suite -->
</testng-results>
