<?xml version="1.0" encoding="UTF-8"?>
<testng-results skipped="0" failed="0" ignored="0" total="4" passed="4">
  <reporter-output>
  </reporter-output>
  <suite name="Suite" duration-ms="11394" started-at="2021-11-09T05:25:13Z" finished-at="2021-11-09T05:25:24Z">
    <groups>
    </groups>
    <test name="Test1" duration-ms="7399" started-at="2021-11-09T05:25:13Z" finished-at="2021-11-09T05:25:20Z">
      <class name="com.execution.Sample1">
        <test-method status="PASS" signature="testCase1(java.lang.String)[pri:0, instance:com.execution.Sample1@146ba0ac]" name="testCase1" duration-ms="7359" started-at="2021-11-09T05:25:13Z" finished-at="2021-11-09T05:25:20Z">
          <params>
            <param index="0">
              <value>
                <![CDATA[Chrome]]>
              </value>
            </param>
          </params>
          <reporter-output>
          </reporter-output>
        </test-method> <!-- testCase1 -->
        <test-method status="PASS" signature="testCase2()[pri:0, instance:com.execution.Sample1@146ba0ac]" name="testCase2" duration-ms="1" started-at="2021-11-09T05:25:20Z" finished-at="2021-11-09T05:25:20Z">
          <reporter-output>
          </reporter-output>
        </test-method> <!-- testCase2 -->
      </class> <!-- com.execution.Sample1 -->
    </test> <!-- Test1 -->
    <test name="Test2" duration-ms="11394" started-at="2021-11-09T05:25:13Z" finished-at="2021-11-09T05:25:24Z">
      <class name="com.execution.Sample1">
        <test-method status="PASS" signature="testCase1(java.lang.String)[pri:0, instance:com.execution.Sample1@cb644e]" name="testCase1" duration-ms="11340" started-at="2021-11-09T05:25:13Z" finished-at="2021-11-09T05:25:24Z">
          <params>
            <param index="0">
              <value>
                <![CDATA[Edge]]>
              </value>
            </param>
          </params>
          <reporter-output>
          </reporter-output>
        </test-method> <!-- testCase1 -->
        <test-method status="PASS" signature="testCase2()[pri:0, instance:com.execution.Sample1@cb644e]" name="testCase2" duration-ms="1" started-at="2021-11-09T05:25:24Z" finished-at="2021-11-09T05:25:24Z">
          <reporter-output>
          </reporter-output>
        </test-method> <!-- testCase2 -->
      </class> <!-- com.execution.Sample1 -->
    </test> <!-- Test2 -->
  </suite> <!-- Suite -->
</testng-results>
